<?xml version="1.0" encoding="UTF-8"?>
<!-- Generated by org.testng.reporters.JUnitReportReporter -->
<testsuite hostname="DESKTOP-VBP23AR" failures="0" tests="1" name="pageFactory_TestNG.ClassTest" time="5.695" errors="0" timestamp="2023-01-11T19:24:13 IST" skipped="0">
  <testcase classname="pageFactory_TestNG.ClassTest" name="verifyTest" time="5.695"/>
  <system-out>
    <![CDATA[Running VerifyText]]>
  </system-out>
</testsuite> <!-- pageFactory_TestNG.ClassTest -->
