<?xml version="1.0" encoding="UTF-8"?>
<!-- Generated by org.testng.reporters.JUnitReportReporter -->
<testsuite hostname="DESKTOP-VBP23AR" failures="0" tests="1" name="TestNG.Test1" time="0.021" errors="0" timestamp="2022-12-27T20:55:09 IST" skipped="0">
  <testcase classname="TestNG.Test1" name="TC1" time="0.021"/>
  <system-out>
    <![CDATA[My first TestNg programme]]>
  </system-out>
</testsuite> <!-- TestNG.Test1 -->
