<?xml version="1.0" encoding="UTF-8"?>
<!-- Generated by org.testng.reporters.JUnitReportReporter -->
<testsuite hostname="DESKTOP-VBP23AR" failures="0" tests="4" name="TestNG.Priority" time="0.029" errors="0" timestamp="2023-01-05T14:02:50 IST" skipped="0">
  <testcase classname="TestNG.Priority" name="prabhas" time="0.018"/>
  <system-out>
    <![CDATA[running prabhas]]>
  </system-out>
  <testcase classname="TestNG.Priority" name="eshwar" time="0.003"/>
  <system-out>
    <![CDATA[running eshwar]]>
  </system-out>
  <testcase classname="TestNG.Priority" name="dhanush" time="0.002"/>
  <system-out>
    <![CDATA[running dhanush]]>
  </system-out>
  <testcase classname="TestNG.Priority" name="alluarjun" time="0.006"/>
  <system-out>
    <![CDATA[running allualrjun]]>
  </system-out>
</testsuite> <!-- TestNG.Priority -->
