<?xml version="1.0" encoding="UTF-8"?>
<!-- Generated by org.testng.reporters.JUnitReportReporter -->
<testsuite hostname="DESKTOP-VBP23AR" failures="0" tests="2" name="TestNG.Multisuite" time="44.712" errors="0" timestamp="2023-01-05T13:57:02 IST" skipped="0">
  <testcase classname="TestNG.Multisuite" name="TC" time="22.871"/>
  <system-out/>
  <testcase classname="TestNG.Multisuite" name="TC" time="21.841"/>
  <system-out/>
</testsuite> <!-- TestNG.Multisuite -->
