<?xml version="1.0" encoding="UTF-8"?>
<!-- Generated by org.testng.reporters.JUnitReportReporter -->
<testsuite hostname="DESKTOP-VBP23AR" failures="0" tests="2" name="TestNG.Enable" time="0.023" errors="0" timestamp="2023-01-05T11:42:03 IST" skipped="1">
  <testcase classname="TestNG.Enable" name="TC1" time="0.023"/>
  <system-out>
    <![CDATA[My first TestNg programme]]>
  </system-out>
  <testcase classname="TestNG.Enable" name="TC2">
    <skipped/>
  </testcase> <!-- TC2 -->
  <system-out/>
</testsuite> <!-- TestNG.Enable -->
