<?xml version="1.0" encoding="UTF-8"?>
<!-- Generated by org.testng.reporters.JUnitReportReporter -->
<testsuite hostname="DESKTOP-VBP23AR" failures="0" tests="1" name="TestNG.Testing_Annotation" time="0.014" errors="0" timestamp="2022-12-29T11:01:13 IST" skipped="0">
  <testcase classname="TestNG.Testing_Annotation" name="verifyText" time="0.014"/>
  <system-out>
    <![CDATA[Running actual test case]]>
  </system-out>
</testsuite> <!-- TestNG.Testing_Annotation -->
