<?xml version="1.0" encoding="UTF-8"?>
<!-- Generated by org.testng.reporters.JUnitReportReporter -->
<testsuite hostname="DESKTOP-VBP23AR" failures="0" tests="2" name="TestNG.Test2" time="15.787" errors="0" timestamp="2022-12-28T08:58:25 IST" skipped="0">
  <testcase classname="TestNG.Test2" name="TC1" time="10.133"/>
  <system-out>
    <![CDATA[hii i am actitime]]>
  </system-out>
  <testcase classname="TestNG.Test2" name="TC2" time="5.654"/>
  <system-out>
    <![CDATA[hii i am google]]>
  </system-out>
</testsuite> <!-- TestNG.Test2 -->
